c:\users\user\documents\opengl\opengltemplate\opengl3\x64\debug\vc142.pdb
c:\users\user\documents\opengl\opengltemplate\opengl3\x64\debug\vc142.idb
c:\users\user\documents\opengl\opengltemplate\opengl3\x64\debug\glad.obj
c:\users\user\documents\opengl\opengltemplate\opengl3\x64\debug\imgui_impl_glfw_gl3.obj
c:\users\user\documents\opengl\opengltemplate\opengl3\x64\debug\imgui_draw.obj
c:\users\user\documents\opengl\opengltemplate\opengl3\x64\debug\imgui_demo.obj
c:\users\user\documents\opengl\opengltemplate\opengl3\x64\debug\imgui.obj
c:\users\user\documents\opengl\opengltemplate\opengl3\x64\debug\main.obj
c:\users\user\documents\opengl\opengltemplate\opengl3\x64\debug\imageimpementation.obj
c:\users\user\documents\opengl\opengltemplate\opengl3\x64\debug\testtriangle.obj
c:\users\user\documents\opengl\opengltemplate\opengl3\x64\debug\testtransformations.obj
c:\users\user\documents\opengl\opengltemplate\opengl3\x64\debug\testtexture.obj
c:\users\user\documents\opengl\opengltemplate\opengl3\x64\debug\testmvp.obj
c:\users\user\documents\opengl\opengltemplate\opengl3\x64\debug\testclearcolor.obj
c:\users\user\documents\opengl\opengltemplate\opengl3\x64\debug\test.obj
c:\users\user\documents\opengl\opengltemplate\opengl3\x64\debug\shader.obj
c:\users\user\documents\opengl\opengltemplate\opengl3\x64\debug\errorcheck.obj
c:\users\user\documents\opengl\opengltemplate\opengl3\x64\debug\testcamera.obj
c:\users\user\documents\opengl\opengltemplate\opengl3\x64\debug\testcolors.obj
c:\users\user\documents\opengl\opengltemplate\opengl3\x64\debug\materials.obj
c:\users\user\documents\opengl\opengltemplate\opengl3\x64\debug\testmaterials.obj
c:\users\user\documents\opengl\opengltemplate\x64\debug\opengl3.exe
c:\users\user\documents\opengl\opengltemplate\opengl3\x64\debug\opengl3.ilk
c:\users\user\documents\opengl\opengltemplate\x64\debug\opengl3.pdb
c:\users\user\documents\opengl\opengltemplate\opengl3\x64\debug\main.obj.enc
c:\users\user\documents\opengl\opengltemplate\opengl3\x64\debug\testmvp.obj.enc
c:\users\user\documents\opengl\opengltemplate\opengl3\x64\debug\vc143.idb
c:\users\user\documents\opengl\opengltemplate\opengl3\x64\debug\vc143.pdb
c:\users\user\documents\opengl\opengltemplate\x64\debug\opengl3.ilk
c:\users\user\documents\opengl\opengltemplate\opengl3\x64\debug\opengl3.tlog\cl.command.1.tlog
c:\users\user\documents\opengl\opengltemplate\opengl3\x64\debug\opengl3.tlog\cl.read.1.tlog
c:\users\user\documents\opengl\opengltemplate\opengl3\x64\debug\opengl3.tlog\cl.write.1.tlog
c:\users\user\documents\opengl\opengltemplate\opengl3\x64\debug\opengl3.tlog\link.command.1.tlog
c:\users\user\documents\opengl\opengltemplate\opengl3\x64\debug\opengl3.tlog\link.delete.1.tlog
c:\users\user\documents\opengl\opengltemplate\opengl3\x64\debug\opengl3.tlog\link.read.1.tlog
c:\users\user\documents\opengl\opengltemplate\opengl3\x64\debug\opengl3.tlog\link.write.1.tlog
